2025-08-14 14:55:45,331 - test - INFO - Testing file logging setup
2025-08-14 14:55:45,331 - test - WARNING - This is a warning message
2025-08-14 14:55:45,331 - test - ERROR - This is an error message
2025-08-14 14:56:37,150 - app - INFO - {"event": "Application started successfully", "logger": "app", "level": "info", "timestamp": "2025-08-14T18:56:37.150388Z"}
2025-08-14 14:56:37,150 - app - WARNING - {"event": "This is a warning from the app logger", "logger": "app", "level": "warning", "timestamp": "2025-08-14T18:56:37.150501Z"}
2025-08-14 14:56:37,255 - error_test - ERROR - This is a test error message
2025-08-14 14:56:37,256 - root - INFO - Standard Python logging test
2025-08-14 14:56:37,256 - root - ERROR - Standard Python error test
2025-08-14 14:56:46,418 - main - INFO - {"event": "application_startup", "logger": "main", "level": "info", "timestamp": "2025-08-14T18:56:46.418637Z"}
2025-08-14 14:56:46,423 - main - INFO - {"event": "database_initialized", "logger": "main", "level": "info", "timestamp": "2025-08-14T18:56:46.423159Z"}
2025-08-14 14:56:46,462 - apscheduler.scheduler - INFO - Adding job tentatively -- it will be properly scheduled when the scheduler starts
2025-08-14 14:56:46,463 - apscheduler.scheduler - INFO - Added job "Daily Price Refresh" to job store "default"
2025-08-14 14:56:46,463 - apscheduler.scheduler - INFO - Scheduler started
2025-08-14 14:56:46,463 - pricing_refresh - INFO - {"timezone": "America/New_York", "batch_size": 200, "requests_per_sec": 1, "event": "pricing_scheduler_started", "logger": "pricing_refresh", "level": "info", "timestamp": "2025-08-14T18:56:46.463716Z"}
2025-08-14 14:56:46,463 - main - INFO - {"event": "pricing_scheduler_started", "logger": "main", "level": "info", "timestamp": "2025-08-14T18:56:46.463793Z"}
2025-08-14 14:57:21,967 - ui_pages - INFO - {"request_id": "b4862789-2e75-4e15-9fdb-246cb05385c8", "event": "settings_page_request", "logger": "ui_pages", "level": "info", "timestamp": "2025-08-14T18:57:21.967404Z"}
2025-08-14 14:57:43,366 - ui_pages - INFO - {"request_id": "dfbe17f3-a0a0-47c4-bad3-2850abfd618d", "event": "index_page_request", "logger": "ui_pages", "level": "info", "timestamp": "2025-08-14T18:57:43.365978Z"}
2025-08-14 14:57:43,552 - collection_api - INFO - {"total_count": 2, "page": 1, "page_size": 50, "total_pages": 1, "filters": {"name": "", "set_name": "", "condition": ""}, "sort": "name", "direction": "asc", "request_id": "bccac6a0-e786-4906-bdb7-7c9bf26640e7", "event": "collection_query_complete", "logger": "collection_api", "level": "info", "timestamp": "2025-08-14T18:57:43.552883Z"}
2025-08-14 14:57:43,568 - collection_api - INFO - {"total_count": 2, "page": 1, "page_size": 50, "total_pages": 1, "filters": {"name": null, "set_name": null, "condition": null}, "sort": "name", "direction": "asc", "request_id": "8fc1d39f-349b-4917-92c1-3cb2aeb5b3b5", "event": "collection_query_complete", "logger": "collection_api", "level": "info", "timestamp": "2025-08-14T18:57:43.568231Z"}
2025-08-14 14:57:43,569 - cards_api - INFO - {"results_count": 2, "name_filter": null, "request_id": "5ce06534-bad1-4fd3-abc1-6e07d2ed5607", "event": "collection_poster_request", "logger": "cards_api", "level": "info", "timestamp": "2025-08-14T18:57:43.569757Z"}
2025-08-14 14:59:40,025 - ui_pages - INFO - {"request_id": "fd2d4463-fa46-45a0-b2b2-f1959c76d8ae", "event": "index_page_request", "logger": "ui_pages", "level": "info", "timestamp": "2025-08-14T18:59:40.025231Z"}
2025-08-14 14:59:40,336 - collection_api - INFO - {"total_count": 2, "page": 1, "page_size": 50, "total_pages": 1, "filters": {"name": "", "set_name": "", "condition": ""}, "sort": "name", "direction": "asc", "request_id": "b5f3529c-9e0c-4b30-a6d8-9c22dd5b2513", "event": "collection_query_complete", "logger": "collection_api", "level": "info", "timestamp": "2025-08-14T18:59:40.336588Z"}
2025-08-14 14:59:40,339 - collection_api - INFO - {"total_count": 2, "page": 1, "page_size": 50, "total_pages": 1, "filters": {"name": null, "set_name": null, "condition": null}, "sort": "name", "direction": "asc", "request_id": "1c36dd9d-fe98-4126-a94f-6cf2b2a940d0", "event": "collection_query_complete", "logger": "collection_api", "level": "info", "timestamp": "2025-08-14T18:59:40.339842Z"}
2025-08-14 14:59:40,340 - cards_api - INFO - {"results_count": 2, "name_filter": null, "request_id": "9ac7460f-4fe8-4292-9baa-7b53deadf2ff", "event": "collection_poster_request", "logger": "cards_api", "level": "info", "timestamp": "2025-08-14T18:59:40.340642Z"}
2025-08-14 15:00:14,614 - search_api - INFO - {"query": "mewtwo", "request_id": "5bd0c648-8bc3-44c2-9dbf-9a50bd04a7e4", "event": "search_request", "logger": "search_api", "level": "info", "timestamp": "2025-08-14T19:00:14.614628Z"}
2025-08-14 15:00:16,526 - httpx - INFO - HTTP Request: GET https://www.pricecharting.com/search-products?q=mewtwo "HTTP/1.1 200 OK"
2025-08-14 15:00:16,643 - pricecharting_scraper - INFO - {"query": "mewtwo", "results_count": 10, "request_id": "5bd0c648-8bc3-44c2-9dbf-9a50bd04a7e4", "event": "pricecharting_search_complete", "logger": "pricecharting_scraper", "level": "info", "timestamp": "2025-08-14T19:00:16.643477Z"}
2025-08-14 15:00:16,644 - search_api - INFO - {"query": "mewtwo", "results_count": 10, "request_id": "5bd0c648-8bc3-44c2-9dbf-9a50bd04a7e4", "event": "pricecharting_search_success", "logger": "search_api", "level": "info", "timestamp": "2025-08-14T19:00:16.644726Z"}
2025-08-14 15:00:16,644 - search_api - INFO - {"query": "mewtwo", "candidates_count": 10, "search_method": "pricecharting", "has_pricing": true, "request_id": "5bd0c648-8bc3-44c2-9dbf-9a50bd04a7e4", "event": "search_complete", "logger": "search_api", "level": "info", "timestamp": "2025-08-14T19:00:16.644781Z"}
2025-08-14 15:01:49,303 - ui_pages - INFO - {"request_id": "3d31f167-e1e8-48ae-b31d-06f803269f1c", "event": "index_page_request", "logger": "ui_pages", "level": "info", "timestamp": "2025-08-14T19:01:49.303101Z"}
2025-08-14 15:01:49,479 - collection_api - INFO - {"total_count": 2, "page": 1, "page_size": 50, "total_pages": 1, "filters": {"name": "", "set_name": "", "condition": ""}, "sort": "name", "direction": "asc", "request_id": "73624aa7-471a-42f0-8f1d-d200419c2870", "event": "collection_query_complete", "logger": "collection_api", "level": "info", "timestamp": "2025-08-14T19:01:49.479041Z"}
2025-08-14 15:01:49,487 - collection_api - INFO - {"total_count": 2, "page": 1, "page_size": 50, "total_pages": 1, "filters": {"name": null, "set_name": null, "condition": null}, "sort": "name", "direction": "asc", "request_id": "9c067482-b470-4f71-8000-32ea66d758f2", "event": "collection_query_complete", "logger": "collection_api", "level": "info", "timestamp": "2025-08-14T19:01:49.487352Z"}
2025-08-14 15:01:49,489 - cards_api - INFO - {"results_count": 2, "name_filter": null, "request_id": "d440ffe9-38bb-483c-b539-0ca801110513", "event": "collection_poster_request", "logger": "cards_api", "level": "info", "timestamp": "2025-08-14T19:01:49.489456Z"}
2025-08-14 15:02:01,343 - ui_pages - INFO - {"request_id": "8937eeee-7a15-4246-b0e4-6afc56cb9125", "event": "index_page_request", "logger": "ui_pages", "level": "info", "timestamp": "2025-08-14T19:02:01.343340Z"}
2025-08-14 15:02:01,571 - collection_api - INFO - {"total_count": 2, "page": 1, "page_size": 50, "total_pages": 1, "filters": {"name": "", "set_name": "", "condition": ""}, "sort": "name", "direction": "asc", "request_id": "aaeae498-8475-4e57-bef4-e23a36a08960", "event": "collection_query_complete", "logger": "collection_api", "level": "info", "timestamp": "2025-08-14T19:02:01.571878Z"}
2025-08-14 15:02:01,582 - collection_api - INFO - {"total_count": 2, "page": 1, "page_size": 50, "total_pages": 1, "filters": {"name": null, "set_name": null, "condition": null}, "sort": "name", "direction": "asc", "request_id": "471a0840-31f8-43c2-b366-1be6e0526624", "event": "collection_query_complete", "logger": "collection_api", "level": "info", "timestamp": "2025-08-14T19:02:01.582700Z"}
2025-08-14 15:02:01,583 - cards_api - INFO - {"results_count": 2, "name_filter": null, "request_id": "cbff7b66-1db6-485f-b49f-7c3e5b727b82", "event": "collection_poster_request", "logger": "cards_api", "level": "info", "timestamp": "2025-08-14T19:02:01.583511Z"}
2025-08-14 15:02:04,256 - search_api - INFO - {"query": "buzzwole", "request_id": "8180b05d-f6ec-4aca-9063-ab6b0868d5ad", "event": "search_request", "logger": "search_api", "level": "info", "timestamp": "2025-08-14T19:02:04.256024Z"}
2025-08-14 15:02:04,843 - httpx - INFO - HTTP Request: GET https://www.pricecharting.com/search-products?q=buzzwole "HTTP/1.1 200 OK"
2025-08-14 15:02:04,874 - pricecharting_scraper - INFO - {"query": "buzzwole", "results_count": 10, "request_id": "8180b05d-f6ec-4aca-9063-ab6b0868d5ad", "event": "pricecharting_search_complete", "logger": "pricecharting_scraper", "level": "info", "timestamp": "2025-08-14T19:02:04.874539Z"}
2025-08-14 15:02:04,875 - search_api - INFO - {"query": "buzzwole", "results_count": 10, "request_id": "8180b05d-f6ec-4aca-9063-ab6b0868d5ad", "event": "pricecharting_search_success", "logger": "search_api", "level": "info", "timestamp": "2025-08-14T19:02:04.875100Z"}
2025-08-14 15:02:04,875 - search_api - INFO - {"query": "buzzwole", "candidates_count": 10, "search_method": "pricecharting", "has_pricing": true, "request_id": "8180b05d-f6ec-4aca-9063-ab6b0868d5ad", "event": "search_complete", "logger": "search_api", "level": "info", "timestamp": "2025-08-14T19:02:04.875160Z"}
2025-08-14 15:02:21,268 - cards_api - INFO - {"results_count": 2, "name_filter": "", "request_id": "d08cab70-d8a6-4267-bee4-7603d94d1f8e", "event": "collection_poster_request", "logger": "cards_api", "level": "info", "timestamp": "2025-08-14T19:02:21.268427Z"}
2025-08-14 15:02:21,278 - cards_api - INFO - {"results_count": 2, "name_filter": "", "request_id": "d2638356-d380-4163-82e4-59454be3afc8", "event": "collection_poster_request", "logger": "cards_api", "level": "info", "timestamp": "2025-08-14T19:02:21.278804Z"}
2025-08-14 15:02:24,565 - cards_api - INFO - {"card_id": 2, "card_name": "Buzzwole GX", "has_collection_entry": true, "has_latest_price": true, "has_pc_link": true, "request_id": "0a61e9cd-44af-4f2c-a384-34385769251a", "event": "card_details_request", "logger": "cards_api", "level": "info", "timestamp": "2025-08-14T19:02:24.564937Z"}
2025-08-14 15:02:24,613 - cards_api - INFO - {"card_id": 2, "card_name": "Buzzwole GX", "history_points_count": 1, "request_id": "e04cdf82-6b67-42e8-b9f5-49771f9b727d", "event": "price_history_request", "logger": "cards_api", "level": "info", "timestamp": "2025-08-14T19:02:24.613214Z"}
2025-08-14 15:02:36,701 - cards_api - INFO - {"card_id": 1, "card_name": "Charizard ex", "has_collection_entry": true, "has_latest_price": true, "has_pc_link": true, "request_id": "f787e839-75c2-4bb1-89f4-4a815a8f7a78", "event": "card_details_request", "logger": "cards_api", "level": "info", "timestamp": "2025-08-14T19:02:36.701818Z"}
2025-08-14 15:02:36,734 - cards_api - INFO - {"card_id": 1, "card_name": "Charizard ex", "history_points_count": 2, "request_id": "3fbaa42a-9b9a-4981-b2ad-f39427d71c01", "event": "price_history_request", "logger": "cards_api", "level": "info", "timestamp": "2025-08-14T19:02:36.734398Z"}
2025-08-14 15:02:48,785 - cards_api - INFO - {"card_id": 2, "card_name": "Buzzwole GX", "has_collection_entry": true, "has_latest_price": true, "has_pc_link": true, "request_id": "35ad0a4b-33f2-4423-a1d3-3c532355b8a2", "event": "card_details_request", "logger": "cards_api", "level": "info", "timestamp": "2025-08-14T19:02:48.784967Z"}
2025-08-14 15:02:48,817 - cards_api - INFO - {"card_id": 2, "card_name": "Buzzwole GX", "history_points_count": 1, "request_id": "2702c5db-ea28-4289-b106-66cd72e6adcd", "event": "price_history_request", "logger": "cards_api", "level": "info", "timestamp": "2025-08-14T19:02:48.817813Z"}
2025-08-14 15:03:00,294 - collection_api - INFO - {"total_count": 2, "page": 1, "page_size": 50, "total_pages": 1, "filters": {"name": "", "set_name": "", "condition": ""}, "sort": "name", "direction": "asc", "request_id": "e5ac9de6-1032-47b2-a364-71b3a4aa4a92", "event": "collection_query_complete", "logger": "collection_api", "level": "info", "timestamp": "2025-08-14T19:03:00.294029Z"}
2025-08-14 15:03:00,306 - collection_api - INFO - {"total_count": 2, "page": 1, "page_size": 50, "total_pages": 1, "filters": {"name": "", "set_name": "", "condition": ""}, "sort": "name", "direction": "asc", "request_id": "cb3a6b64-cbf2-4432-aaeb-bbf8bf7dd8a2", "event": "collection_query_complete", "logger": "collection_api", "level": "info", "timestamp": "2025-08-14T19:03:00.306420Z"}
2025-08-14 15:03:07,814 - collection_api - INFO - {"card_id": 2, "card_name": "Buzzwole GX", "entry_id": 2, "request_id": "20f9b64e-450e-4031-b015-1ca1c0ff9b34", "event": "card_completely_removed", "logger": "collection_api", "level": "info", "timestamp": "2025-08-14T19:03:07.814743Z"}
2025-08-14 15:03:07,829 - collection_api - INFO - {"entry_id": 2, "card_id": 2, "request_id": "20f9b64e-450e-4031-b015-1ca1c0ff9b34", "event": "collection_entry_deleted", "logger": "collection_api", "level": "info", "timestamp": "2025-08-14T19:03:07.829486Z"}
2025-08-14 15:03:12,725 - search_api - INFO - {"query": "buzzwole gx 57/111", "request_id": "3b7d9de2-cf2f-4199-ac47-210ab96b9ca8", "event": "search_request", "logger": "search_api", "level": "info", "timestamp": "2025-08-14T19:03:12.725584Z"}
2025-08-14 15:03:13,091 - httpx - INFO - HTTP Request: GET https://www.pricecharting.com/search-products?q=buzzwole%20gx%2057/111 "HTTP/1.1 200 OK"
2025-08-14 15:03:13,130 - pricecharting_scraper - INFO - {"query": "buzzwole gx 57/111", "results_count": 3, "request_id": "3b7d9de2-cf2f-4199-ac47-210ab96b9ca8", "event": "pricecharting_search_complete", "logger": "pricecharting_scraper", "level": "info", "timestamp": "2025-08-14T19:03:13.130315Z"}
2025-08-14 15:03:13,131 - search_api - INFO - {"query": "buzzwole gx 57/111", "results_count": 3, "request_id": "3b7d9de2-cf2f-4199-ac47-210ab96b9ca8", "event": "pricecharting_search_success", "logger": "search_api", "level": "info", "timestamp": "2025-08-14T19:03:13.131379Z"}
2025-08-14 15:03:13,131 - search_api - INFO - {"query": "buzzwole gx 57/111", "candidates_count": 3, "search_method": "pricecharting", "has_pricing": true, "request_id": "3b7d9de2-cf2f-4199-ac47-210ab96b9ca8", "event": "search_complete", "logger": "search_api", "level": "info", "timestamp": "2025-08-14T19:03:13.131518Z"}
2025-08-14 15:03:14,879 - search_api - INFO - {"pc_url": "https://www.pricecharting.com/offers?product=961204", "name": "Buzzwole GX", "set_name": "Crimson Invasion", "number": "", "request_id": "e39ddc2c-6348-42bd-bf0a-2b07a96a3531", "event": "select_card_start", "logger": "search_api", "level": "info", "timestamp": "2025-08-14T19:03:14.879120Z"}
2025-08-14 15:03:14,890 - search_api - INFO - {"card_id": 2, "card_name": "Buzzwole GX", "pc_product_id": "961204", "request_id": "e39ddc2c-6348-42bd-bf0a-2b07a96a3531", "event": "card_created", "logger": "search_api", "level": "info", "timestamp": "2025-08-14T19:03:14.890095Z"}
2025-08-14 15:03:15,244 - httpx - INFO - HTTP Request: GET https://www.pricecharting.com/offers?product=961204 "HTTP/1.1 200 OK"
2025-08-14 15:03:15,283 - pricecharting_scraper - INFO - {"offers_url": "https://www.pricecharting.com/offers?product=961204", "pricing_url": "https://www.pricecharting.com/game/pokemon-crimson-invasion/buzzwole-gx-57", "request_id": "e39ddc2c-6348-42bd-bf0a-2b07a96a3531", "event": "pricecharting_redirecting_to_pricing_page", "logger": "pricecharting_scraper", "level": "info", "timestamp": "2025-08-14T19:03:15.283711Z"}
2025-08-14 15:03:17,195 - httpx - INFO - HTTP Request: GET https://www.pricecharting.com/game/pokemon-crimson-invasion/buzzwole-gx-57 "HTTP/1.1 200 OK"
2025-08-14 15:03:17,336 - pricecharting_scraper - INFO - {"original_url": "https://www.pricecharting.com/game/pokemon-crimson-invasion/buzzwole-gx-57", "final_url": "https://www.pricecharting.com/game/pokemon-crimson-invasion/buzzwole-gx-57", "prices_found": true, "metadata_found": true, "request_id": "e39ddc2c-6348-42bd-bf0a-2b07a96a3531", "event": "pricecharting_product_scrape_complete", "logger": "pricecharting_scraper", "level": "info", "timestamp": "2025-08-14T19:03:17.336377Z"}
2025-08-14 15:03:17,336 - search_api - INFO - {"card_id": 2, "pc_product_id": "961204", "original_url": "https://www.pricecharting.com/offers?product=961204", "game_url": "https://www.pricecharting.com/game/pokemon-crimson-invasion/buzzwole-gx-57", "tcgplayer_id": "2", "notes": "none", "request_id": "e39ddc2c-6348-42bd-bf0a-2b07a96a3531", "event": "pc_link_metadata_updated", "logger": "search_api", "level": "info", "timestamp": "2025-08-14T19:03:17.336939Z"}
2025-08-14 15:03:17,337 - search_api - INFO - {"card_id": 2, "pc_product_id": "961204", "prices_found": ["ungraded_cents", "psa10_cents", "bgs10_cents"], "game_url": "https://www.pricecharting.com/game/pokemon-crimson-invasion/buzzwole-gx-57", "request_id": "e39ddc2c-6348-42bd-bf0a-2b07a96a3531", "event": "price_snapshot_created_from_scraping", "logger": "search_api", "level": "info", "timestamp": "2025-08-14T19:03:17.337107Z"}
2025-08-14 15:03:17,339 - search_api - INFO - {"entry_id": 2, "card_id": 2, "request_id": "e39ddc2c-6348-42bd-bf0a-2b07a96a3531", "event": "collection_entry_created", "logger": "search_api", "level": "info", "timestamp": "2025-08-14T19:03:17.339429Z"}
2025-08-14 15:03:36,400 - ui_pages - INFO - {"request_id": "738d5cc6-64e7-4339-8e79-f4b90ad5f8cb", "event": "index_page_request", "logger": "ui_pages", "level": "info", "timestamp": "2025-08-14T19:03:36.399987Z"}
2025-08-14 15:03:36,536 - collection_api - INFO - {"total_count": 2, "page": 1, "page_size": 50, "total_pages": 1, "filters": {"name": "", "set_name": "", "condition": ""}, "sort": "name", "direction": "asc", "request_id": "87294852-8f65-4fff-8860-d05c860b922d", "event": "collection_query_complete", "logger": "collection_api", "level": "info", "timestamp": "2025-08-14T19:03:36.536147Z"}
2025-08-14 15:03:36,541 - collection_api - INFO - {"total_count": 2, "page": 1, "page_size": 50, "total_pages": 1, "filters": {"name": null, "set_name": null, "condition": null}, "sort": "name", "direction": "asc", "request_id": "ba4cca91-e844-43fe-928c-2e1308cf1ad5", "event": "collection_query_complete", "logger": "collection_api", "level": "info", "timestamp": "2025-08-14T19:03:36.541660Z"}
2025-08-14 15:03:36,543 - cards_api - INFO - {"results_count": 2, "name_filter": null, "request_id": "3cb4d661-8b76-49ac-b0db-05c361eebb76", "event": "collection_poster_request", "logger": "cards_api", "level": "info", "timestamp": "2025-08-14T19:03:36.543711Z"}
2025-08-14 15:04:05,378 - cards_api - INFO - {"card_id": 2, "card_name": "Buzzwole GX", "has_collection_entry": true, "has_latest_price": true, "has_pc_link": true, "request_id": "529a73ad-67c6-4cdd-b322-6299ab9120b6", "event": "card_details_request", "logger": "cards_api", "level": "info", "timestamp": "2025-08-14T19:04:05.378176Z"}
2025-08-14 15:04:05,436 - cards_api - INFO - {"card_id": 2, "card_name": "Buzzwole GX", "history_points_count": 1, "request_id": "8ecfb4fc-f6f2-43ba-bea8-78501fc9f841", "event": "price_history_request", "logger": "cards_api", "level": "info", "timestamp": "2025-08-14T19:04:05.436639Z"}
2025-08-14 15:04:56,975 - collection_api - INFO - {"card_id": 1, "card_name": "Charizard ex", "entry_id": 1, "request_id": "553fdfbe-6426-4cb1-9891-828c83157df9", "event": "card_completely_removed", "logger": "collection_api", "level": "info", "timestamp": "2025-08-14T19:04:56.975754Z"}
2025-08-14 15:04:56,982 - collection_api - INFO - {"entry_id": 1, "card_id": 1, "request_id": "553fdfbe-6426-4cb1-9891-828c83157df9", "event": "collection_entry_deleted", "logger": "collection_api", "level": "info", "timestamp": "2025-08-14T19:04:56.981994Z"}
2025-08-14 15:05:00,098 - collection_api - INFO - {"card_id": 2, "card_name": "Buzzwole GX", "entry_id": 2, "request_id": "9eb86219-aa79-42b9-91b7-23faa529138b", "event": "card_completely_removed", "logger": "collection_api", "level": "info", "timestamp": "2025-08-14T19:05:00.098591Z"}
2025-08-14 15:05:00,103 - collection_api - INFO - {"entry_id": 2, "card_id": 2, "request_id": "9eb86219-aa79-42b9-91b7-23faa529138b", "event": "collection_entry_deleted", "logger": "collection_api", "level": "info", "timestamp": "2025-08-14T19:05:00.103048Z"}
2025-08-14 15:05:15,570 - main - INFO - {"event": "application_startup", "logger": "main", "level": "info", "timestamp": "2025-08-14T19:05:15.570302Z"}
2025-08-14 15:05:15,571 - main - INFO - {"event": "database_initialized", "logger": "main", "level": "info", "timestamp": "2025-08-14T19:05:15.571598Z"}
2025-08-14 15:05:15,605 - apscheduler.scheduler - INFO - Adding job tentatively -- it will be properly scheduled when the scheduler starts
2025-08-14 15:05:15,605 - apscheduler.scheduler - INFO - Added job "Daily Price Refresh" to job store "default"
2025-08-14 15:05:15,605 - apscheduler.scheduler - INFO - Scheduler started
2025-08-14 15:05:15,606 - pricing_refresh - INFO - {"timezone": "America/New_York", "batch_size": 200, "requests_per_sec": 1, "event": "pricing_scheduler_started", "logger": "pricing_refresh", "level": "info", "timestamp": "2025-08-14T19:05:15.606049Z"}
2025-08-14 15:05:15,606 - main - INFO - {"event": "pricing_scheduler_started", "logger": "main", "level": "info", "timestamp": "2025-08-14T19:05:15.606117Z"}
2025-08-14 15:05:19,565 - ui_pages - INFO - {"request_id": "7ce3f26f-3262-48a7-9ea9-f2a3757272bc", "event": "index_page_request", "logger": "ui_pages", "level": "info", "timestamp": "2025-08-14T19:05:19.565458Z"}
2025-08-14 15:05:19,744 - collection_api - INFO - {"total_count": 0, "page": 1, "page_size": 50, "total_pages": 0, "filters": {"name": "", "set_name": "", "condition": ""}, "sort": "name", "direction": "asc", "request_id": "63595654-dcf7-4727-b2f2-f392317aef38", "event": "collection_query_complete", "logger": "collection_api", "level": "info", "timestamp": "2025-08-14T19:05:19.744133Z"}
2025-08-14 15:05:19,762 - collection_api - INFO - {"total_count": 0, "page": 1, "page_size": 50, "total_pages": 0, "filters": {"name": null, "set_name": null, "condition": null}, "sort": "name", "direction": "asc", "request_id": "18252124-e0d8-4083-bc07-af4eead071be", "event": "collection_query_complete", "logger": "collection_api", "level": "info", "timestamp": "2025-08-14T19:05:19.762272Z"}
2025-08-14 15:05:19,765 - cards_api - INFO - {"results_count": 0, "name_filter": null, "request_id": "bdad5681-0458-4531-a212-0fa4cf1dca98", "event": "collection_poster_request", "logger": "cards_api", "level": "info", "timestamp": "2025-08-14T19:05:19.765081Z"}
2025-08-14 15:05:24,431 - search_api - INFO - {"query": "buzzwole gx 57/111", "request_id": "e9c7de41-26c3-4a18-bdbe-7a3279843e76", "event": "search_request", "logger": "search_api", "level": "info", "timestamp": "2025-08-14T19:05:24.431552Z"}
2025-08-14 15:05:24,849 - httpx - INFO - HTTP Request: GET https://www.pricecharting.com/search-products?q=buzzwole%20gx%2057/111 "HTTP/1.1 200 OK"
2025-08-14 15:05:24,887 - pricecharting_scraper - INFO - {"query": "buzzwole gx 57/111", "results_count": 3, "request_id": "e9c7de41-26c3-4a18-bdbe-7a3279843e76", "event": "pricecharting_search_complete", "logger": "pricecharting_scraper", "level": "info", "timestamp": "2025-08-14T19:05:24.887200Z"}
2025-08-14 15:05:24,887 - search_api - INFO - {"query": "buzzwole gx 57/111", "results_count": 3, "request_id": "e9c7de41-26c3-4a18-bdbe-7a3279843e76", "event": "pricecharting_search_success", "logger": "search_api", "level": "info", "timestamp": "2025-08-14T19:05:24.887864Z"}
2025-08-14 15:05:24,887 - search_api - INFO - {"query": "buzzwole gx 57/111", "candidates_count": 3, "search_method": "pricecharting", "has_pricing": true, "request_id": "e9c7de41-26c3-4a18-bdbe-7a3279843e76", "event": "search_complete", "logger": "search_api", "level": "info", "timestamp": "2025-08-14T19:05:24.887953Z"}
2025-08-14 15:05:25,901 - search_api - INFO - {"pc_url": "https://www.pricecharting.com/offers?product=961204", "name": "Buzzwole GX", "set_name": "Crimson Invasion", "number": "", "request_id": "69660787-85ac-4637-b778-10b73cf05cd3", "event": "select_card_start", "logger": "search_api", "level": "info", "timestamp": "2025-08-14T19:05:25.901833Z"}
2025-08-14 15:05:25,912 - search_api - INFO - {"card_id": 1, "card_name": "Buzzwole GX", "pc_product_id": "961204", "request_id": "69660787-85ac-4637-b778-10b73cf05cd3", "event": "card_created", "logger": "search_api", "level": "info", "timestamp": "2025-08-14T19:05:25.911905Z"}
2025-08-14 15:05:26,625 - httpx - INFO - HTTP Request: GET https://www.pricecharting.com/offers?product=961204 "HTTP/1.1 200 OK"
2025-08-14 15:05:26,663 - pricecharting_scraper - INFO - {"offers_url": "https://www.pricecharting.com/offers?product=961204", "pricing_url": "https://www.pricecharting.com/game/pokemon-crimson-invasion/buzzwole-gx-57", "request_id": "69660787-85ac-4637-b778-10b73cf05cd3", "event": "pricecharting_redirecting_to_pricing_page", "logger": "pricecharting_scraper", "level": "info", "timestamp": "2025-08-14T19:05:26.663427Z"}
2025-08-14 15:05:28,635 - httpx - INFO - HTTP Request: GET https://www.pricecharting.com/game/pokemon-crimson-invasion/buzzwole-gx-57 "HTTP/1.1 200 OK"
2025-08-14 15:05:28,723 - pricecharting_scraper - INFO - {"original_url": "https://www.pricecharting.com/game/pokemon-crimson-invasion/buzzwole-gx-57", "final_url": "https://www.pricecharting.com/game/pokemon-crimson-invasion/buzzwole-gx-57", "prices_found": true, "metadata_found": true, "request_id": "69660787-85ac-4637-b778-10b73cf05cd3", "event": "pricecharting_product_scrape_complete", "logger": "pricecharting_scraper", "level": "info", "timestamp": "2025-08-14T19:05:28.723307Z"}
2025-08-14 15:05:28,723 - search_api - INFO - {"card_id": 1, "pc_product_id": "961204", "original_url": "https://www.pricecharting.com/offers?product=961204", "game_url": "https://www.pricecharting.com/game/pokemon-crimson-invasion/buzzwole-gx-57", "tcgplayer_id": "2", "notes": "none", "request_id": "69660787-85ac-4637-b778-10b73cf05cd3", "event": "pc_link_metadata_updated", "logger": "search_api", "level": "info", "timestamp": "2025-08-14T19:05:28.723791Z"}
2025-08-14 15:05:28,723 - search_api - INFO - {"card_id": 1, "pc_product_id": "961204", "prices_found": ["ungraded_cents", "psa10_cents", "bgs10_cents"], "game_url": "https://www.pricecharting.com/game/pokemon-crimson-invasion/buzzwole-gx-57", "request_id": "69660787-85ac-4637-b778-10b73cf05cd3", "event": "price_snapshot_created_from_scraping", "logger": "search_api", "level": "info", "timestamp": "2025-08-14T19:05:28.723957Z"}
2025-08-14 15:05:28,726 - search_api - INFO - {"entry_id": 1, "card_id": 1, "request_id": "69660787-85ac-4637-b778-10b73cf05cd3", "event": "collection_entry_created", "logger": "search_api", "level": "info", "timestamp": "2025-08-14T19:05:28.726322Z"}
2025-08-14 15:07:01,530 - ui_pages - INFO - {"request_id": "fd1c5d1a-e187-446e-945c-e031029b0e6b", "event": "index_page_request", "logger": "ui_pages", "level": "info", "timestamp": "2025-08-14T19:07:01.529913Z"}
2025-08-14 15:07:01,742 - collection_api - INFO - {"total_count": 1, "page": 1, "page_size": 50, "total_pages": 1, "filters": {"name": "", "set_name": "", "condition": ""}, "sort": "name", "direction": "asc", "request_id": "1f3af7cb-d2ef-4922-baaa-8edc9f852f6d", "event": "collection_query_complete", "logger": "collection_api", "level": "info", "timestamp": "2025-08-14T19:07:01.742017Z"}
2025-08-14 15:07:01,748 - collection_api - INFO - {"total_count": 1, "page": 1, "page_size": 50, "total_pages": 1, "filters": {"name": null, "set_name": null, "condition": null}, "sort": "name", "direction": "asc", "request_id": "855f63b3-e6f1-4418-9fb6-92bf50f43ae2", "event": "collection_query_complete", "logger": "collection_api", "level": "info", "timestamp": "2025-08-14T19:07:01.748200Z"}
2025-08-14 15:07:01,750 - cards_api - INFO - {"results_count": 1, "name_filter": null, "request_id": "65433fda-1b63-49ea-8cde-b5c02eabbd31", "event": "collection_poster_request", "logger": "cards_api", "level": "info", "timestamp": "2025-08-14T19:07:01.750158Z"}
2025-08-14 15:07:51,885 - cards_api - INFO - {"card_id": 1, "card_name": "Buzzwole GX", "has_collection_entry": true, "has_latest_price": true, "has_pc_link": true, "request_id": "32b80cfe-34aa-49ae-8756-59543cc0d9ec", "event": "card_details_request", "logger": "cards_api", "level": "info", "timestamp": "2025-08-14T19:07:51.885121Z"}
2025-08-14 15:07:51,939 - cards_api - INFO - {"card_id": 1, "card_name": "Buzzwole GX", "history_points_count": 1, "request_id": "aea5bdab-22b5-40d6-9bd1-dfab5acd7137", "event": "price_history_request", "logger": "cards_api", "level": "info", "timestamp": "2025-08-14T19:07:51.939628Z"}
2025-08-14 15:09:15,798 - main - INFO - {"event": "application_shutdown", "logger": "main", "level": "info", "timestamp": "2025-08-14T19:09:15.798623Z"}
2025-08-14 15:09:15,799 - pricing_refresh - INFO - {"event": "pricing_scheduler_stopped", "logger": "pricing_refresh", "level": "info", "timestamp": "2025-08-14T19:09:15.799052Z"}
2025-08-14 15:09:15,799 - main - INFO - {"event": "pricing_scheduler_stopped", "logger": "main", "level": "info", "timestamp": "2025-08-14T19:09:15.799123Z"}
2025-08-14 15:09:15,799 - apscheduler.scheduler - INFO - Scheduler has been shut down
2025-08-14 15:09:16,335 - main - INFO - {"event": "application_startup", "logger": "main", "level": "info", "timestamp": "2025-08-14T19:09:16.335202Z"}
2025-08-14 15:09:16,336 - main - INFO - {"event": "database_initialized", "logger": "main", "level": "info", "timestamp": "2025-08-14T19:09:16.336697Z"}
2025-08-14 15:09:16,391 - apscheduler.scheduler - INFO - Adding job tentatively -- it will be properly scheduled when the scheduler starts
2025-08-14 15:09:16,393 - apscheduler.scheduler - INFO - Added job "Daily Price Refresh" to job store "default"
2025-08-14 15:09:16,393 - apscheduler.scheduler - INFO - Scheduler started
2025-08-14 15:09:16,393 - pricing_refresh - INFO - {"timezone": "America/New_York", "batch_size": 200, "requests_per_sec": 1, "event": "pricing_scheduler_started", "logger": "pricing_refresh", "level": "info", "timestamp": "2025-08-14T19:09:16.393774Z"}
2025-08-14 15:09:16,393 - main - INFO - {"event": "pricing_scheduler_started", "logger": "main", "level": "info", "timestamp": "2025-08-14T19:09:16.393840Z"}
2025-08-14 15:09:24,311 - ui_pages - INFO - {"request_id": "46c0786b-58a3-4a26-9f3e-4537388074f6", "event": "index_page_request", "logger": "ui_pages", "level": "info", "timestamp": "2025-08-14T19:09:24.311427Z"}
2025-08-14 15:09:24,542 - collection_api - INFO - {"total_count": 1, "page": 1, "page_size": 50, "total_pages": 1, "filters": {"name": "", "set_name": "", "condition": ""}, "sort": "name", "direction": "asc", "request_id": "01623f7a-f4c3-4b6a-adac-0413483189c2", "event": "collection_query_complete", "logger": "collection_api", "level": "info", "timestamp": "2025-08-14T19:09:24.542484Z"}
2025-08-14 15:09:24,559 - collection_api - INFO - {"total_count": 1, "page": 1, "page_size": 50, "total_pages": 1, "filters": {"name": null, "set_name": null, "condition": null}, "sort": "name", "direction": "asc", "request_id": "3c59c333-4ebd-4e1d-bf49-1116973d1d52", "event": "collection_query_complete", "logger": "collection_api", "level": "info", "timestamp": "2025-08-14T19:09:24.559507Z"}
2025-08-14 15:09:24,562 - cards_api - INFO - {"results_count": 1, "name_filter": null, "request_id": "9bdc2992-9e75-4d5a-9b85-f1653e43dc7f", "event": "collection_poster_request", "logger": "cards_api", "level": "info", "timestamp": "2025-08-14T19:09:24.562833Z"}
2025-08-14 15:09:36,592 - main - INFO - {"event": "application_shutdown", "logger": "main", "level": "info", "timestamp": "2025-08-14T19:09:36.592674Z"}
2025-08-14 15:09:36,593 - pricing_refresh - INFO - {"event": "pricing_scheduler_stopped", "logger": "pricing_refresh", "level": "info", "timestamp": "2025-08-14T19:09:36.593007Z"}
2025-08-14 15:09:36,593 - main - INFO - {"event": "pricing_scheduler_stopped", "logger": "main", "level": "info", "timestamp": "2025-08-14T19:09:36.593074Z"}
2025-08-14 15:09:36,593 - apscheduler.scheduler - INFO - Scheduler has been shut down
2025-08-14 15:09:37,136 - main - INFO - {"event": "application_startup", "logger": "main", "level": "info", "timestamp": "2025-08-14T19:09:37.136832Z"}
2025-08-14 15:09:37,142 - main - INFO - {"event": "database_initialized", "logger": "main", "level": "info", "timestamp": "2025-08-14T19:09:37.142564Z"}
2025-08-14 15:09:37,203 - apscheduler.scheduler - INFO - Adding job tentatively -- it will be properly scheduled when the scheduler starts
2025-08-14 15:09:37,204 - apscheduler.scheduler - INFO - Added job "Daily Price Refresh" to job store "default"
2025-08-14 15:09:37,204 - apscheduler.scheduler - INFO - Scheduler started
2025-08-14 15:09:37,204 - pricing_refresh - INFO - {"timezone": "America/New_York", "batch_size": 200, "requests_per_sec": 1, "event": "pricing_scheduler_started", "logger": "pricing_refresh", "level": "info", "timestamp": "2025-08-14T19:09:37.204555Z"}
2025-08-14 15:09:37,204 - main - INFO - {"event": "pricing_scheduler_started", "logger": "main", "level": "info", "timestamp": "2025-08-14T19:09:37.204623Z"}
2025-08-14 15:09:45,691 - main - INFO - {"event": "application_shutdown", "logger": "main", "level": "info", "timestamp": "2025-08-14T19:09:45.691181Z"}
2025-08-14 15:09:45,691 - pricing_refresh - INFO - {"event": "pricing_scheduler_stopped", "logger": "pricing_refresh", "level": "info", "timestamp": "2025-08-14T19:09:45.691601Z"}
2025-08-14 15:09:45,691 - main - INFO - {"event": "pricing_scheduler_stopped", "logger": "main", "level": "info", "timestamp": "2025-08-14T19:09:45.691686Z"}
2025-08-14 15:09:45,691 - apscheduler.scheduler - INFO - Scheduler has been shut down
2025-08-14 15:09:46,196 - main - INFO - {"event": "application_startup", "logger": "main", "level": "info", "timestamp": "2025-08-14T19:09:46.196607Z"}
2025-08-14 15:09:46,198 - main - INFO - {"event": "database_initialized", "logger": "main", "level": "info", "timestamp": "2025-08-14T19:09:46.197999Z"}
2025-08-14 15:09:46,231 - apscheduler.scheduler - INFO - Adding job tentatively -- it will be properly scheduled when the scheduler starts
2025-08-14 15:09:46,231 - apscheduler.scheduler - INFO - Added job "Daily Price Refresh" to job store "default"
2025-08-14 15:09:46,232 - apscheduler.scheduler - INFO - Scheduler started
2025-08-14 15:09:46,232 - pricing_refresh - INFO - {"timezone": "America/New_York", "batch_size": 200, "requests_per_sec": 1, "event": "pricing_scheduler_started", "logger": "pricing_refresh", "level": "info", "timestamp": "2025-08-14T19:09:46.232086Z"}
2025-08-14 15:09:46,232 - main - INFO - {"event": "pricing_scheduler_started", "logger": "main", "level": "info", "timestamp": "2025-08-14T19:09:46.232153Z"}
2025-08-14 15:09:59,873 - main - INFO - {"event": "application_shutdown", "logger": "main", "level": "info", "timestamp": "2025-08-14T19:09:59.873500Z"}
2025-08-14 15:09:59,873 - pricing_refresh - INFO - {"event": "pricing_scheduler_stopped", "logger": "pricing_refresh", "level": "info", "timestamp": "2025-08-14T19:09:59.873863Z"}
2025-08-14 15:09:59,873 - main - INFO - {"event": "pricing_scheduler_stopped", "logger": "main", "level": "info", "timestamp": "2025-08-14T19:09:59.873933Z"}
2025-08-14 15:09:59,874 - apscheduler.scheduler - INFO - Scheduler has been shut down
2025-08-14 15:10:00,417 - main - INFO - {"event": "application_startup", "logger": "main", "level": "info", "timestamp": "2025-08-14T19:10:00.417739Z"}
2025-08-14 15:10:00,419 - main - INFO - {"event": "database_initialized", "logger": "main", "level": "info", "timestamp": "2025-08-14T19:10:00.419136Z"}
2025-08-14 15:10:00,456 - apscheduler.scheduler - INFO - Adding job tentatively -- it will be properly scheduled when the scheduler starts
2025-08-14 15:10:00,456 - apscheduler.scheduler - INFO - Added job "Daily Price Refresh" to job store "default"
2025-08-14 15:10:00,457 - apscheduler.scheduler - INFO - Scheduler started
2025-08-14 15:10:00,457 - pricing_refresh - INFO - {"timezone": "America/New_York", "batch_size": 200, "requests_per_sec": 1, "event": "pricing_scheduler_started", "logger": "pricing_refresh", "level": "info", "timestamp": "2025-08-14T19:10:00.457122Z"}
2025-08-14 15:10:00,457 - main - INFO - {"event": "pricing_scheduler_started", "logger": "main", "level": "info", "timestamp": "2025-08-14T19:10:00.457184Z"}
2025-08-14 15:10:18,348 - ui_pages - INFO - {"request_id": "2d0be512-ed8b-4496-bc83-a40aba480ee8", "event": "index_page_request", "logger": "ui_pages", "level": "info", "timestamp": "2025-08-14T19:10:18.348321Z"}
2025-08-14 15:10:18,584 - collection_api - INFO - {"total_count": 1, "page": 1, "page_size": 50, "total_pages": 1, "filters": {"name": "", "set_name": "", "condition": ""}, "sort": "name", "direction": "asc", "request_id": "da76bf60-93fc-488f-b0c2-d99dd7f15635", "event": "collection_query_complete", "logger": "collection_api", "level": "info", "timestamp": "2025-08-14T19:10:18.584704Z"}
2025-08-14 15:10:18,599 - collection_api - INFO - {"total_count": 1, "page": 1, "page_size": 50, "total_pages": 1, "filters": {"name": null, "set_name": null, "condition": null}, "sort": "name", "direction": "asc", "request_id": "4f13890d-cb5e-4c76-b555-a1c6be039062", "event": "collection_query_complete", "logger": "collection_api", "level": "info", "timestamp": "2025-08-14T19:10:18.599085Z"}
2025-08-14 15:10:18,600 - cards_api - INFO - {"results_count": 1, "name_filter": null, "request_id": "e97f2ffb-0431-4ac6-88e7-1381ca9b3600", "event": "collection_poster_request", "logger": "cards_api", "level": "info", "timestamp": "2025-08-14T19:10:18.600798Z"}
2025-08-14 15:10:19,785 - cards_api - INFO - {"card_id": 1, "card_name": "Buzzwole GX", "has_collection_entry": true, "has_latest_price": true, "has_pc_link": true, "request_id": "4f37c1ff-6f54-4452-a1f2-0de155a0ee75", "event": "card_details_request", "logger": "cards_api", "level": "info", "timestamp": "2025-08-14T19:10:19.785754Z"}
2025-08-14 15:10:19,823 - cards_api - INFO - {"card_id": 1, "card_name": "Buzzwole GX", "history_points_count": 1, "request_id": "31b6aac9-df64-4e6c-9691-bba1160d5e3a", "event": "price_history_request", "logger": "cards_api", "level": "info", "timestamp": "2025-08-14T19:10:19.823089Z"}
2025-08-14 15:10:23,563 - collection_api - INFO - {"card_id": 1, "card_name": "Buzzwole GX", "entry_id": 1, "request_id": "a42956dd-23d8-47af-acbb-e662b81ce50c", "event": "card_completely_removed", "logger": "collection_api", "level": "info", "timestamp": "2025-08-14T19:10:23.563846Z"}
2025-08-14 15:10:23,570 - collection_api - INFO - {"entry_id": 1, "card_id": 1, "request_id": "a42956dd-23d8-47af-acbb-e662b81ce50c", "event": "collection_entry_deleted", "logger": "collection_api", "level": "info", "timestamp": "2025-08-14T19:10:23.570064Z"}
2025-08-14 15:10:28,151 - search_api - INFO - {"query": "buzzwole gx 57/111", "request_id": "ead664e1-d1f3-412f-a9b7-79a164c3de08", "event": "search_request", "logger": "search_api", "level": "info", "timestamp": "2025-08-14T19:10:28.151623Z"}
2025-08-14 15:10:28,591 - httpx - INFO - HTTP Request: GET https://www.pricecharting.com/search-products?q=buzzwole%20gx%2057/111 "HTTP/1.1 200 OK"
2025-08-14 15:10:28,619 - pricecharting_scraper - INFO - {"query": "buzzwole gx 57/111", "results_count": 3, "request_id": "ead664e1-d1f3-412f-a9b7-79a164c3de08", "event": "pricecharting_search_complete", "logger": "pricecharting_scraper", "level": "info", "timestamp": "2025-08-14T19:10:28.619420Z"}
2025-08-14 15:10:28,622 - search_api - INFO - {"query": "buzzwole gx 57/111", "results_count": 3, "request_id": "ead664e1-d1f3-412f-a9b7-79a164c3de08", "event": "pricecharting_search_success", "logger": "search_api", "level": "info", "timestamp": "2025-08-14T19:10:28.622540Z"}
2025-08-14 15:10:28,622 - search_api - INFO - {"query": "buzzwole gx 57/111", "candidates_count": 3, "search_method": "pricecharting", "has_pricing": true, "request_id": "ead664e1-d1f3-412f-a9b7-79a164c3de08", "event": "search_complete", "logger": "search_api", "level": "info", "timestamp": "2025-08-14T19:10:28.622806Z"}
2025-08-14 15:10:30,684 - search_api - INFO - {"pc_url": "https://www.pricecharting.com/offers?product=961204", "name": "Buzzwole GX", "set_name": "Crimson Invasion", "number": "57", "request_id": "8764cd57-d660-493e-8428-dd67592053b3", "event": "select_card_start", "logger": "search_api", "level": "info", "timestamp": "2025-08-14T19:10:30.684794Z"}
2025-08-14 15:10:30,688 - search_api - INFO - {"card_id": 1, "card_name": "Buzzwole GX", "pc_product_id": "961204", "request_id": "8764cd57-d660-493e-8428-dd67592053b3", "event": "card_created", "logger": "search_api", "level": "info", "timestamp": "2025-08-14T19:10:30.688725Z"}
2025-08-14 15:10:31,502 - httpx - INFO - HTTP Request: GET https://www.pricecharting.com/offers?product=961204 "HTTP/1.1 200 OK"
2025-08-14 15:10:31,533 - pricecharting_scraper - INFO - {"offers_url": "https://www.pricecharting.com/offers?product=961204", "pricing_url": "https://www.pricecharting.com/game/pokemon-crimson-invasion/buzzwole-gx-57", "request_id": "8764cd57-d660-493e-8428-dd67592053b3", "event": "pricecharting_redirecting_to_pricing_page", "logger": "pricecharting_scraper", "level": "info", "timestamp": "2025-08-14T19:10:31.533144Z"}
2025-08-14 15:10:33,085 - httpx - INFO - HTTP Request: GET https://www.pricecharting.com/game/pokemon-crimson-invasion/buzzwole-gx-57 "HTTP/1.1 200 OK"
2025-08-14 15:10:33,171 - pricecharting_scraper - INFO - {"original_url": "https://www.pricecharting.com/game/pokemon-crimson-invasion/buzzwole-gx-57", "final_url": "https://www.pricecharting.com/game/pokemon-crimson-invasion/buzzwole-gx-57", "prices_found": true, "metadata_found": true, "request_id": "8764cd57-d660-493e-8428-dd67592053b3", "event": "pricecharting_product_scrape_complete", "logger": "pricecharting_scraper", "level": "info", "timestamp": "2025-08-14T19:10:33.171148Z"}
2025-08-14 15:10:33,172 - search_api - INFO - {"card_id": 1, "pc_product_id": "961204", "original_url": "https://www.pricecharting.com/offers?product=961204", "game_url": "https://www.pricecharting.com/game/pokemon-crimson-invasion/buzzwole-gx-57", "tcgplayer_id": "2", "notes": "none", "request_id": "8764cd57-d660-493e-8428-dd67592053b3", "event": "pc_link_metadata_updated", "logger": "search_api", "level": "info", "timestamp": "2025-08-14T19:10:33.172001Z"}
2025-08-14 15:10:33,172 - search_api - INFO - {"card_id": 1, "pc_product_id": "961204", "prices_found": ["ungraded_cents", "psa10_cents", "bgs10_cents"], "game_url": "https://www.pricecharting.com/game/pokemon-crimson-invasion/buzzwole-gx-57", "request_id": "8764cd57-d660-493e-8428-dd67592053b3", "event": "price_snapshot_created_from_scraping", "logger": "search_api", "level": "info", "timestamp": "2025-08-14T19:10:33.172204Z"}
2025-08-14 15:10:33,175 - search_api - INFO - {"entry_id": 1, "card_id": 1, "request_id": "8764cd57-d660-493e-8428-dd67592053b3", "event": "collection_entry_created", "logger": "search_api", "level": "info", "timestamp": "2025-08-14T19:10:33.175399Z"}
2025-08-14 15:10:33,290 - collection_api - INFO - {"total_count": 1, "page": 1, "page_size": 50, "total_pages": 1, "filters": {"name": "", "set_name": "", "condition": ""}, "sort": "name", "direction": "asc", "request_id": "740881ef-9e9b-479b-8b2e-a1f82b651f5c", "event": "collection_query_complete", "logger": "collection_api", "level": "info", "timestamp": "2025-08-14T19:10:33.290539Z"}
2025-08-14 15:10:47,273 - search_api - INFO - {"query": "mewtwo", "request_id": "6e7fdbaa-2581-47a1-9373-e4572ab3e23d", "event": "search_request", "logger": "search_api", "level": "info", "timestamp": "2025-08-14T19:10:47.272643Z"}
2025-08-14 15:10:48,573 - httpx - INFO - HTTP Request: GET https://www.pricecharting.com/search-products?q=mewtwo "HTTP/1.1 200 OK"
2025-08-14 15:10:48,675 - pricecharting_scraper - INFO - {"query": "mewtwo", "results_count": 10, "request_id": "6e7fdbaa-2581-47a1-9373-e4572ab3e23d", "event": "pricecharting_search_complete", "logger": "pricecharting_scraper", "level": "info", "timestamp": "2025-08-14T19:10:48.675058Z"}
2025-08-14 15:10:48,675 - search_api - INFO - {"query": "mewtwo", "results_count": 10, "request_id": "6e7fdbaa-2581-47a1-9373-e4572ab3e23d", "event": "pricecharting_search_success", "logger": "search_api", "level": "info", "timestamp": "2025-08-14T19:10:48.675589Z"}
2025-08-14 15:10:48,675 - search_api - INFO - {"query": "mewtwo", "candidates_count": 10, "search_method": "pricecharting", "has_pricing": true, "request_id": "6e7fdbaa-2581-47a1-9373-e4572ab3e23d", "event": "search_complete", "logger": "search_api", "level": "info", "timestamp": "2025-08-14T19:10:48.675644Z"}
2025-08-14 15:10:50,978 - search_api - INFO - {"pc_url": "https://www.pricecharting.com/offers?product=4637100", "name": "Mewtwo VSTAR", "set_name": "Crown Zenith", "number": "", "request_id": "7fdec791-ae36-45c8-8f09-b7a988888cc8", "event": "select_card_start", "logger": "search_api", "level": "info", "timestamp": "2025-08-14T19:10:50.978572Z"}
2025-08-14 15:10:50,987 - search_api - INFO - {"card_id": 2, "card_name": "Mewtwo VSTAR", "pc_product_id": "4637100", "request_id": "7fdec791-ae36-45c8-8f09-b7a988888cc8", "event": "card_created", "logger": "search_api", "level": "info", "timestamp": "2025-08-14T19:10:50.987787Z"}
2025-08-14 15:10:51,589 - httpx - INFO - HTTP Request: GET https://www.pricecharting.com/offers?product=4637100 "HTTP/1.1 200 OK"
2025-08-14 15:10:51,626 - pricecharting_scraper - INFO - {"offers_url": "https://www.pricecharting.com/offers?product=4637100", "pricing_url": "https://www.pricecharting.com/game/pokemon-crown-zenith/mewtwo-vstar-gg44", "request_id": "7fdec791-ae36-45c8-8f09-b7a988888cc8", "event": "pricecharting_redirecting_to_pricing_page", "logger": "pricecharting_scraper", "level": "info", "timestamp": "2025-08-14T19:10:51.626257Z"}
2025-08-14 15:10:53,567 - httpx - INFO - HTTP Request: GET https://www.pricecharting.com/game/pokemon-crown-zenith/mewtwo-vstar-gg44 "HTTP/1.1 200 OK"
2025-08-14 15:10:53,803 - pricecharting_scraper - INFO - {"original_url": "https://www.pricecharting.com/game/pokemon-crown-zenith/mewtwo-vstar-gg44", "final_url": "https://www.pricecharting.com/game/pokemon-crown-zenith/mewtwo-vstar-gg44", "prices_found": true, "metadata_found": true, "request_id": "7fdec791-ae36-45c8-8f09-b7a988888cc8", "event": "pricecharting_product_scrape_complete", "logger": "pricecharting_scraper", "level": "info", "timestamp": "2025-08-14T19:10:53.803122Z"}
2025-08-14 15:10:53,804 - search_api - INFO - {"card_id": 2, "pc_product_id": "4637100", "original_url": "https://www.pricecharting.com/offers?product=4637100", "game_url": "https://www.pricecharting.com/game/pokemon-crown-zenith/mewtwo-vstar-gg44", "tcgplayer_id": "2", "notes": "VSTAR", "request_id": "7fdec791-ae36-45c8-8f09-b7a988888cc8", "event": "pc_link_metadata_updated", "logger": "search_api", "level": "info", "timestamp": "2025-08-14T19:10:53.804013Z"}
2025-08-14 15:10:53,804 - search_api - INFO - {"card_id": 2, "pc_product_id": "4637100", "prices_found": ["ungraded_cents", "psa10_cents", "bgs10_cents"], "game_url": "https://www.pricecharting.com/game/pokemon-crown-zenith/mewtwo-vstar-gg44", "request_id": "7fdec791-ae36-45c8-8f09-b7a988888cc8", "event": "price_snapshot_created_from_scraping", "logger": "search_api", "level": "info", "timestamp": "2025-08-14T19:10:53.804161Z"}
2025-08-14 15:10:53,805 - search_api - INFO - {"entry_id": 2, "card_id": 2, "request_id": "7fdec791-ae36-45c8-8f09-b7a988888cc8", "event": "collection_entry_created", "logger": "search_api", "level": "info", "timestamp": "2025-08-14T19:10:53.805241Z"}
2025-08-14 15:10:53,920 - collection_api - INFO - {"total_count": 2, "page": 1, "page_size": 50, "total_pages": 1, "filters": {"name": "", "set_name": "", "condition": ""}, "sort": "name", "direction": "asc", "request_id": "44dcf19a-51e4-4376-8cb0-ba611d252b99", "event": "collection_query_complete", "logger": "collection_api", "level": "info", "timestamp": "2025-08-14T19:10:53.920422Z"}
2025-08-14 15:11:04,023 - cards_api - INFO - {"card_id": 2, "card_name": "Mewtwo VSTAR", "has_collection_entry": true, "has_latest_price": true, "has_pc_link": true, "request_id": "b85d36e7-00ff-4076-8ce3-a6040fa80faf", "event": "card_details_request", "logger": "cards_api", "level": "info", "timestamp": "2025-08-14T19:11:04.022955Z"}
2025-08-14 15:11:04,053 - cards_api - INFO - {"card_id": 2, "card_name": "Mewtwo VSTAR", "history_points_count": 1, "request_id": "96e4917b-bf58-4f11-8712-f79d93f13256", "event": "price_history_request", "logger": "cards_api", "level": "info", "timestamp": "2025-08-14T19:11:04.053554Z"}
2025-08-14 15:12:48,563 - main - INFO - {"event": "application_shutdown", "logger": "main", "level": "info", "timestamp": "2025-08-14T19:12:48.562981Z"}
2025-08-14 15:12:48,563 - pricing_refresh - INFO - {"event": "pricing_scheduler_stopped", "logger": "pricing_refresh", "level": "info", "timestamp": "2025-08-14T19:12:48.563477Z"}
2025-08-14 15:12:48,563 - main - INFO - {"event": "pricing_scheduler_stopped", "logger": "main", "level": "info", "timestamp": "2025-08-14T19:12:48.563543Z"}
2025-08-14 15:12:48,563 - apscheduler.scheduler - INFO - Scheduler has been shut down
2025-08-14 15:12:49,087 - main - INFO - {"event": "application_startup", "logger": "main", "level": "info", "timestamp": "2025-08-14T19:12:49.087035Z"}
2025-08-14 15:12:49,088 - main - INFO - {"event": "database_initialized", "logger": "main", "level": "info", "timestamp": "2025-08-14T19:12:49.088575Z"}
2025-08-14 15:12:49,123 - apscheduler.scheduler - INFO - Adding job tentatively -- it will be properly scheduled when the scheduler starts
2025-08-14 15:12:49,124 - apscheduler.scheduler - INFO - Added job "Daily Price Refresh" to job store "default"
2025-08-14 15:12:49,124 - apscheduler.scheduler - INFO - Scheduler started
2025-08-14 15:12:49,124 - pricing_refresh - INFO - {"timezone": "America/New_York", "batch_size": 200, "requests_per_sec": 1, "event": "pricing_scheduler_started", "logger": "pricing_refresh", "level": "info", "timestamp": "2025-08-14T19:12:49.124435Z"}
2025-08-14 15:12:49,124 - main - INFO - {"event": "pricing_scheduler_started", "logger": "main", "level": "info", "timestamp": "2025-08-14T19:12:49.124489Z"}
2025-08-14 15:13:20,507 - collection_api - INFO - {"card_id": 2, "card_name": "Mewtwo VSTAR", "entry_id": 2, "request_id": "d9bb92eb-921d-4307-9164-47a5c3131dc0", "event": "card_completely_removed", "logger": "collection_api", "level": "info", "timestamp": "2025-08-14T19:13:20.507045Z"}
2025-08-14 15:13:20,511 - collection_api - INFO - {"entry_id": 2, "card_id": 2, "request_id": "d9bb92eb-921d-4307-9164-47a5c3131dc0", "event": "collection_entry_deleted", "logger": "collection_api", "level": "info", "timestamp": "2025-08-14T19:13:20.511704Z"}
2025-08-14 15:13:22,979 - collection_api - INFO - {"card_id": 1, "card_name": "Buzzwole GX", "entry_id": 1, "request_id": "68bae362-2271-43ee-935d-f3d93679397d", "event": "card_completely_removed", "logger": "collection_api", "level": "info", "timestamp": "2025-08-14T19:13:22.979224Z"}
2025-08-14 15:13:22,983 - collection_api - INFO - {"entry_id": 1, "card_id": 1, "request_id": "68bae362-2271-43ee-935d-f3d93679397d", "event": "collection_entry_deleted", "logger": "collection_api", "level": "info", "timestamp": "2025-08-14T19:13:22.983498Z"}
2025-08-14 15:13:27,006 - search_api - INFO - {"query": "pikachu", "request_id": "4a106a32-ede6-4117-9647-9c19784a8d72", "event": "search_request", "logger": "search_api", "level": "info", "timestamp": "2025-08-14T19:13:27.006449Z"}
2025-08-14 15:13:28,899 - httpx - INFO - HTTP Request: GET https://www.pricecharting.com/search-products?q=pikachu "HTTP/1.1 200 OK"
2025-08-14 15:13:29,061 - pricecharting_scraper - INFO - {"query": "pikachu", "results_count": 10, "request_id": "4a106a32-ede6-4117-9647-9c19784a8d72", "event": "pricecharting_search_complete", "logger": "pricecharting_scraper", "level": "info", "timestamp": "2025-08-14T19:13:29.061314Z"}
2025-08-14 15:13:29,061 - search_api - INFO - {"query": "pikachu", "results_count": 10, "request_id": "4a106a32-ede6-4117-9647-9c19784a8d72", "event": "pricecharting_search_success", "logger": "search_api", "level": "info", "timestamp": "2025-08-14T19:13:29.061866Z"}
2025-08-14 15:13:29,061 - search_api - INFO - {"query": "pikachu", "candidates_count": 10, "search_method": "pricecharting", "has_pricing": true, "request_id": "4a106a32-ede6-4117-9647-9c19784a8d72", "event": "search_complete", "logger": "search_api", "level": "info", "timestamp": "2025-08-14T19:13:29.061930Z"}
2025-08-14 15:13:50,311 - search_api - INFO - {"pc_url": "https://www.pricecharting.com/offers?product=5809554", "name": "Pikachu", "set_name": "Scarlet & Violet 151", "number": "151", "request_id": "b90113b0-dfbb-496a-a40d-ed6787c6b301", "event": "select_card_start", "logger": "search_api", "level": "info", "timestamp": "2025-08-14T19:13:50.311241Z"}
2025-08-14 15:13:50,320 - search_api - INFO - {"card_id": 1, "card_name": "Pikachu", "pc_product_id": "5809554", "request_id": "b90113b0-dfbb-496a-a40d-ed6787c6b301", "event": "card_created", "logger": "search_api", "level": "info", "timestamp": "2025-08-14T19:13:50.320331Z"}
2025-08-14 15:13:50,869 - httpx - INFO - HTTP Request: GET https://www.pricecharting.com/offers?product=5809554 "HTTP/1.1 200 OK"
2025-08-14 15:13:50,910 - pricecharting_scraper - INFO - {"offers_url": "https://www.pricecharting.com/offers?product=5809554", "pricing_url": "https://www.pricecharting.com/game/pokemon-scarlet-&-violet-151/pikachu-173", "request_id": "b90113b0-dfbb-496a-a40d-ed6787c6b301", "event": "pricecharting_redirecting_to_pricing_page", "logger": "pricecharting_scraper", "level": "info", "timestamp": "2025-08-14T19:13:50.909964Z"}
2025-08-14 15:13:52,734 - httpx - INFO - HTTP Request: GET https://www.pricecharting.com/game/pokemon-scarlet-&-violet-151/pikachu-173 "HTTP/1.1 200 OK"
2025-08-14 15:13:52,868 - pricecharting_scraper - INFO - {"original_url": "https://www.pricecharting.com/game/pokemon-scarlet-&-violet-151/pikachu-173", "final_url": "https://www.pricecharting.com/game/pokemon-scarlet-&-violet-151/pikachu-173", "prices_found": true, "metadata_found": true, "request_id": "b90113b0-dfbb-496a-a40d-ed6787c6b301", "event": "pricecharting_product_scrape_complete", "logger": "pricecharting_scraper", "level": "info", "timestamp": "2025-08-14T19:13:52.868961Z"}
2025-08-14 15:13:52,869 - search_api - INFO - {"card_id": 1, "pc_product_id": "5809554", "original_url": "https://www.pricecharting.com/offers?product=5809554", "game_url": "https://www.pricecharting.com/game/pokemon-scarlet-&-violet-151/pikachu-173", "tcgplayer_id": "2", "notes": "Secret Rare", "request_id": "b90113b0-dfbb-496a-a40d-ed6787c6b301", "event": "pc_link_metadata_updated", "logger": "search_api", "level": "info", "timestamp": "2025-08-14T19:13:52.869446Z"}
2025-08-14 15:13:52,869 - search_api - INFO - {"card_id": 1, "pc_product_id": "5809554", "prices_found": ["ungraded_cents", "psa10_cents", "bgs10_cents"], "game_url": "https://www.pricecharting.com/game/pokemon-scarlet-&-violet-151/pikachu-173", "request_id": "b90113b0-dfbb-496a-a40d-ed6787c6b301", "event": "price_snapshot_created_from_scraping", "logger": "search_api", "level": "info", "timestamp": "2025-08-14T19:13:52.869596Z"}
2025-08-14 15:13:52,871 - search_api - INFO - {"entry_id": 1, "card_id": 1, "request_id": "b90113b0-dfbb-496a-a40d-ed6787c6b301", "event": "collection_entry_created", "logger": "search_api", "level": "info", "timestamp": "2025-08-14T19:13:52.871253Z"}
2025-08-14 15:13:52,984 - collection_api - INFO - {"total_count": 1, "page": 1, "page_size": 50, "total_pages": 1, "filters": {"name": "", "set_name": "", "condition": ""}, "sort": "name", "direction": "asc", "request_id": "05803cf7-1cde-471c-b255-63a867cf8ec7", "event": "collection_query_complete", "logger": "collection_api", "level": "info", "timestamp": "2025-08-14T19:13:52.984491Z"}
2025-08-14 15:13:59,833 - cards_api - INFO - {"card_id": 1, "card_name": "Pikachu", "has_collection_entry": true, "has_latest_price": true, "has_pc_link": true, "request_id": "2642d43f-206a-484e-a36a-eefbdfe2e7ec", "event": "card_details_request", "logger": "cards_api", "level": "info", "timestamp": "2025-08-14T19:13:59.833523Z"}
2025-08-14 15:13:59,883 - cards_api - INFO - {"card_id": 1, "card_name": "Pikachu", "history_points_count": 1, "request_id": "c65bf6f8-0b3b-4f5d-ba1e-0cef16d2db3e", "event": "price_history_request", "logger": "cards_api", "level": "info", "timestamp": "2025-08-14T19:13:59.882949Z"}
2025-08-14 15:16:22,035 - main - INFO - {"event": "application_shutdown", "logger": "main", "level": "info", "timestamp": "2025-08-14T19:16:22.035393Z"}
2025-08-14 15:16:22,035 - pricing_refresh - INFO - {"event": "pricing_scheduler_stopped", "logger": "pricing_refresh", "level": "info", "timestamp": "2025-08-14T19:16:22.035836Z"}
2025-08-14 15:16:22,035 - main - INFO - {"event": "pricing_scheduler_stopped", "logger": "main", "level": "info", "timestamp": "2025-08-14T19:16:22.035955Z"}
2025-08-14 15:16:22,036 - apscheduler.scheduler - INFO - Scheduler has been shut down
2025-08-14 15:16:22,574 - main - INFO - {"event": "application_startup", "logger": "main", "level": "info", "timestamp": "2025-08-14T19:16:22.574637Z"}
2025-08-14 15:16:22,576 - main - INFO - {"event": "database_initialized", "logger": "main", "level": "info", "timestamp": "2025-08-14T19:16:22.576105Z"}
2025-08-14 15:16:22,600 - apscheduler.scheduler - INFO - Adding job tentatively -- it will be properly scheduled when the scheduler starts
2025-08-14 15:16:22,600 - apscheduler.scheduler - INFO - Added job "Daily Price Refresh" to job store "default"
2025-08-14 15:16:22,601 - apscheduler.scheduler - INFO - Scheduler started
2025-08-14 15:16:22,601 - pricing_refresh - INFO - {"timezone": "America/New_York", "batch_size": 200, "requests_per_sec": 1, "event": "pricing_scheduler_started", "logger": "pricing_refresh", "level": "info", "timestamp": "2025-08-14T19:16:22.601110Z"}
2025-08-14 15:16:22,601 - main - INFO - {"event": "pricing_scheduler_started", "logger": "main", "level": "info", "timestamp": "2025-08-14T19:16:22.601169Z"}
2025-08-14 15:16:29,809 - collection_api - INFO - {"card_id": 1, "card_name": "Pikachu", "entry_id": 1, "request_id": "1373d642-21da-46ad-94a2-653b2913f9ed", "event": "card_completely_removed", "logger": "collection_api", "level": "info", "timestamp": "2025-08-14T19:16:29.809348Z"}
2025-08-14 15:16:29,813 - collection_api - INFO - {"entry_id": 1, "card_id": 1, "request_id": "1373d642-21da-46ad-94a2-653b2913f9ed", "event": "collection_entry_deleted", "logger": "collection_api", "level": "info", "timestamp": "2025-08-14T19:16:29.813055Z"}
2025-08-14 15:16:32,479 - ui_pages - INFO - {"request_id": "19af0fd6-5a25-42f1-8c33-8b11ed68e11b", "event": "index_page_request", "logger": "ui_pages", "level": "info", "timestamp": "2025-08-14T19:16:32.478648Z"}
2025-08-14 15:16:32,729 - collection_api - INFO - {"total_count": 0, "page": 1, "page_size": 50, "total_pages": 0, "filters": {"name": "", "set_name": "", "condition": ""}, "sort": "name", "direction": "asc", "request_id": "672bb55d-2370-47d9-8160-90e858f81715", "event": "collection_query_complete", "logger": "collection_api", "level": "info", "timestamp": "2025-08-14T19:16:32.729605Z"}
2025-08-14 15:16:32,742 - collection_api - INFO - {"total_count": 0, "page": 1, "page_size": 50, "total_pages": 0, "filters": {"name": null, "set_name": null, "condition": null}, "sort": "name", "direction": "asc", "request_id": "3340940a-e19b-4039-aa57-672416ae48d1", "event": "collection_query_complete", "logger": "collection_api", "level": "info", "timestamp": "2025-08-14T19:16:32.742255Z"}
2025-08-14 15:16:32,743 - cards_api - INFO - {"results_count": 0, "name_filter": null, "request_id": "cee1cabf-4142-4115-bbdd-c8119f7f8037", "event": "collection_poster_request", "logger": "cards_api", "level": "info", "timestamp": "2025-08-14T19:16:32.743805Z"}
2025-08-14 15:16:46,957 - collection_api - INFO - {"total_count": 0, "page": 1, "page_size": 50, "total_pages": 0, "filters": {"name": "pikachu", "set_name": "", "condition": ""}, "sort": "name", "direction": "asc", "request_id": "76661403-060e-4e77-894b-ab5127acf0d7", "event": "collection_query_complete", "logger": "collection_api", "level": "info", "timestamp": "2025-08-14T19:16:46.957588Z"}
2025-08-14 15:16:50,650 - collection_api - INFO - {"total_count": 0, "page": 1, "page_size": 50, "total_pages": 0, "filters": {"name": "", "set_name": "", "condition": ""}, "sort": "name", "direction": "asc", "request_id": "96acd01a-11ab-41a2-98b6-6992ca0fc082", "event": "collection_query_complete", "logger": "collection_api", "level": "info", "timestamp": "2025-08-14T19:16:50.650229Z"}
2025-08-14 15:16:54,872 - search_api - INFO - {"query": "pikachu", "request_id": "1d64d959-ff7a-4f3f-9acb-913b30513d8c", "event": "search_request", "logger": "search_api", "level": "info", "timestamp": "2025-08-14T19:16:54.872293Z"}
2025-08-14 15:16:56,601 - httpx - INFO - HTTP Request: GET https://www.pricecharting.com/search-products?q=pikachu "HTTP/1.1 200 OK"
2025-08-14 15:16:56,702 - pricecharting_scraper - INFO - {"query": "pikachu", "results_count": 10, "request_id": "1d64d959-ff7a-4f3f-9acb-913b30513d8c", "event": "pricecharting_search_complete", "logger": "pricecharting_scraper", "level": "info", "timestamp": "2025-08-14T19:16:56.702132Z"}
2025-08-14 15:16:56,702 - search_api - INFO - {"query": "pikachu", "results_count": 10, "request_id": "1d64d959-ff7a-4f3f-9acb-913b30513d8c", "event": "pricecharting_search_success", "logger": "search_api", "level": "info", "timestamp": "2025-08-14T19:16:56.702618Z"}
2025-08-14 15:16:56,702 - search_api - INFO - {"query": "pikachu", "candidates_count": 10, "search_method": "pricecharting", "has_pricing": true, "request_id": "1d64d959-ff7a-4f3f-9acb-913b30513d8c", "event": "search_complete", "logger": "search_api", "level": "info", "timestamp": "2025-08-14T19:16:56.702673Z"}
2025-08-14 15:17:12,175 - search_api - INFO - {"pc_url": "https://www.pricecharting.com/offers?product=2618178", "name": "Pikachu Birthday", "set_name": "Celebrations", "number": "BIRTHDAY", "request_id": "8426bad1-f8e6-4a0f-afe8-fca32df15530", "event": "select_card_start", "logger": "search_api", "level": "info", "timestamp": "2025-08-14T19:17:12.175187Z"}
2025-08-14 15:17:12,186 - search_api - INFO - {"card_id": 1, "card_name": "Pikachu Birthday", "pc_product_id": "2618178", "request_id": "8426bad1-f8e6-4a0f-afe8-fca32df15530", "event": "card_created", "logger": "search_api", "level": "info", "timestamp": "2025-08-14T19:17:12.186094Z"}
2025-08-14 15:17:13,095 - httpx - INFO - HTTP Request: GET https://www.pricecharting.com/offers?product=2618178 "HTTP/1.1 200 OK"
2025-08-14 15:17:13,129 - pricecharting_scraper - INFO - {"offers_url": "https://www.pricecharting.com/offers?product=2618178", "pricing_url": "https://www.pricecharting.com/game/pokemon-celebrations/pikachu-birthday-24", "request_id": "8426bad1-f8e6-4a0f-afe8-fca32df15530", "event": "pricecharting_redirecting_to_pricing_page", "logger": "pricecharting_scraper", "level": "info", "timestamp": "2025-08-14T19:17:13.129765Z"}
2025-08-14 15:17:14,804 - httpx - INFO - HTTP Request: GET https://www.pricecharting.com/game/pokemon-celebrations/pikachu-birthday-24 "HTTP/1.1 200 OK"
2025-08-14 15:17:15,009 - pricecharting_scraper - INFO - {"original_url": "https://www.pricecharting.com/game/pokemon-celebrations/pikachu-birthday-24", "final_url": "https://www.pricecharting.com/game/pokemon-celebrations/pikachu-birthday-24", "prices_found": true, "metadata_found": true, "request_id": "8426bad1-f8e6-4a0f-afe8-fca32df15530", "event": "pricecharting_product_scrape_complete", "logger": "pricecharting_scraper", "level": "info", "timestamp": "2025-08-14T19:17:15.009614Z"}
2025-08-14 15:17:15,010 - search_api - INFO - {"card_id": 1, "pc_product_id": "2618178", "original_url": "https://www.pricecharting.com/offers?product=2618178", "game_url": "https://www.pricecharting.com/game/pokemon-celebrations/pikachu-birthday-24", "tcgplayer_id": "2", "notes": "none", "request_id": "8426bad1-f8e6-4a0f-afe8-fca32df15530", "event": "pc_link_metadata_updated", "logger": "search_api", "level": "info", "timestamp": "2025-08-14T19:17:15.010096Z"}
2025-08-14 15:17:15,010 - search_api - INFO - {"card_id": 1, "pc_product_id": "2618178", "prices_found": ["ungraded_cents", "psa10_cents", "bgs10_cents"], "game_url": "https://www.pricecharting.com/game/pokemon-celebrations/pikachu-birthday-24", "request_id": "8426bad1-f8e6-4a0f-afe8-fca32df15530", "event": "price_snapshot_created_from_scraping", "logger": "search_api", "level": "info", "timestamp": "2025-08-14T19:17:15.010249Z"}
2025-08-14 15:17:15,011 - search_api - INFO - {"entry_id": 1, "card_id": 1, "request_id": "8426bad1-f8e6-4a0f-afe8-fca32df15530", "event": "collection_entry_created", "logger": "search_api", "level": "info", "timestamp": "2025-08-14T19:17:15.011480Z"}
2025-08-14 15:17:15,125 - collection_api - INFO - {"total_count": 1, "page": 1, "page_size": 50, "total_pages": 1, "filters": {"name": "", "set_name": "", "condition": ""}, "sort": "name", "direction": "asc", "request_id": "c4e6d417-0dc4-42f1-ad75-d41cb1c31bfa", "event": "collection_query_complete", "logger": "collection_api", "level": "info", "timestamp": "2025-08-14T19:17:15.125547Z"}
2025-08-14 15:17:19,066 - cards_api - INFO - {"card_id": 1, "card_name": "Pikachu Birthday", "has_collection_entry": true, "has_latest_price": true, "has_pc_link": true, "request_id": "52c1e1e1-1be3-4de4-84c1-c22e9bd4a442", "event": "card_details_request", "logger": "cards_api", "level": "info", "timestamp": "2025-08-14T19:17:19.065965Z"}
2025-08-14 15:17:19,117 - cards_api - INFO - {"card_id": 1, "card_name": "Pikachu Birthday", "history_points_count": 1, "request_id": "6c457b78-bb9b-4d0d-9fe4-347d10aed34d", "event": "price_history_request", "logger": "cards_api", "level": "info", "timestamp": "2025-08-14T19:17:19.117312Z"}
2025-08-14 15:17:48,149 - collection_api - INFO - {"card_id": 1, "card_name": "Pikachu Birthday", "entry_id": 1, "request_id": "3d438350-9563-4dd3-9960-a662d4749f34", "event": "card_completely_removed", "logger": "collection_api", "level": "info", "timestamp": "2025-08-14T19:17:48.149516Z"}
2025-08-14 15:17:48,153 - collection_api - INFO - {"entry_id": 1, "card_id": 1, "request_id": "3d438350-9563-4dd3-9960-a662d4749f34", "event": "collection_entry_deleted", "logger": "collection_api", "level": "info", "timestamp": "2025-08-14T19:17:48.152995Z"}
